Arguments: 
  /home/douglas/.nvm/versions/node/v14.20.0/bin/node /home/douglas/.nvm/versions/node/v14.20.0/bin/yarn add @types/nodes -D

PATH: 
  /home/douglas/google-cloud-sdk/bin:/home/douglas/google-cloud-sdk/bin:/home/douglas/.local/share/zinit/polaris/bin:/home/douglas/.nvm/versions/node/v14.20.0/bin:/home/douglas/.local/bin:/usr/local/sbin:/usr/local/bin:/usr/sbin:/usr/bin:/sbin:/bin:/usr/games:/usr/local/games:/snap/bin:/snap/bin:/media/douglas/development/Android/Sdk/tools:/media/douglas/development/Android/Sdk/platform-tools:/home/douglas/go/bin:/home/douglas/.jdks/openjdk-18.0.2.1/bin :/usr/local/bin:/media/douglas/development/Android/Sdk/tools:/media/douglas/development/Android/Sdk/platform-tools:/home/douglas/go/bin:/home/douglas/.jdks/openjdk-18.0.2.1/bin :/usr/local/bin

Yarn version: 
  1.22.19

Node version: 
  14.20.0

Platform: 
  linux x64

Trace: 
  Error: https://registry.yarnpkg.com/@types%2fnodes: Not found
      at Request.params.callback [as _callback] (/home/douglas/.nvm/versions/node/v14.20.0/lib/node_modules/yarn/lib/cli.js:66145:18)
      at Request.self.callback (/home/douglas/.nvm/versions/node/v14.20.0/lib/node_modules/yarn/lib/cli.js:140890:22)
      at Request.emit (events.js:400:28)
      at Request.<anonymous> (/home/douglas/.nvm/versions/node/v14.20.0/lib/node_modules/yarn/lib/cli.js:141862:10)
      at Request.emit (events.js:400:28)
      at IncomingMessage.<anonymous> (/home/douglas/.nvm/versions/node/v14.20.0/lib/node_modules/yarn/lib/cli.js:141784:12)
      at Object.onceWrapper (events.js:519:28)
      at IncomingMessage.emit (events.js:412:35)
      at endReadableNT (internal/streams/readable.js:1333:12)
      at processTicksAndRejections (internal/process/task_queues.js:82:21)

npm manifest: 
  {
    "name": "neural-network-experiments",
    "version": "1.0.0",
    "main": "index.js",
    "license": "MIT"
  }

yarn manifest: 
  No manifest

Lockfile: 
  No lockfile
